Current conda environment: ijepa
Python path: /ceph/work/KLP/zihcilin39/.conda/envs/ijepa/bin/python
PyTorch version: 2.5.1
Requirement already satisfied: wandb in /ceph/sharedfs/work/KLP/zihcilin39/.conda/envs/ijepa/lib/python3.9/site-packages (0.21.1)
Requirement already satisfied: click!=8.0.0,>=7.1 in /ceph/sharedfs/work/KLP/zihcilin39/.conda/envs/ijepa/lib/python3.9/site-packages (from wandb) (8.1.8)
Requirement already satisfied: eval-type-backport in /ceph/sharedfs/work/KLP/zihcilin39/.conda/envs/ijepa/lib/python3.9/site-packages (from wandb) (0.2.2)
Requirement already satisfied: gitpython!=3.1.29,>=1.0.0 in /ceph/sharedfs/work/KLP/zihcilin39/.conda/envs/ijepa/lib/python3.9/site-packages (from wandb) (3.1.45)
Requirement already satisfied: packaging in /ceph/sharedfs/work/KLP/zihcilin39/.conda/envs/ijepa/lib/python3.9/site-packages (from wandb) (25.0)
Requirement already satisfied: platformdirs in /ceph/sharedfs/work/KLP/zihcilin39/.conda/envs/ijepa/lib/python3.9/site-packages (from wandb) (4.3.8)
Requirement already satisfied: protobuf!=4.21.0,!=5.28.0,<7,>=3.15.0 in /ceph/sharedfs/work/KLP/zihcilin39/.conda/envs/ijepa/lib/python3.9/site-packages (from wandb) (6.32.0)
Requirement already satisfied: pydantic<3 in /ceph/sharedfs/work/KLP/zihcilin39/.conda/envs/ijepa/lib/python3.9/site-packages (from wandb) (2.11.7)
Requirement already satisfied: pyyaml in /ceph/sharedfs/work/KLP/zihcilin39/.conda/envs/ijepa/lib/python3.9/site-packages (from wandb) (6.0.2)
Requirement already satisfied: requests<3,>=2.0.0 in /ceph/sharedfs/work/KLP/zihcilin39/.conda/envs/ijepa/lib/python3.9/site-packages (from wandb) (2.32.4)
Requirement already satisfied: sentry-sdk>=2.0.0 in /ceph/sharedfs/work/KLP/zihcilin39/.conda/envs/ijepa/lib/python3.9/site-packages (from wandb) (2.35.0)
Requirement already satisfied: typing-extensions<5,>=4.8 in /ceph/sharedfs/work/KLP/zihcilin39/.conda/envs/ijepa/lib/python3.9/site-packages (from wandb) (4.12.2)
Requirement already satisfied: annotated-types>=0.6.0 in /ceph/sharedfs/work/KLP/zihcilin39/.conda/envs/ijepa/lib/python3.9/site-packages (from pydantic<3->wandb) (0.7.0)
Requirement already satisfied: pydantic-core==2.33.2 in /ceph/sharedfs/work/KLP/zihcilin39/.conda/envs/ijepa/lib/python3.9/site-packages (from pydantic<3->wandb) (2.33.2)
Requirement already satisfied: typing-inspection>=0.4.0 in /ceph/sharedfs/work/KLP/zihcilin39/.conda/envs/ijepa/lib/python3.9/site-packages (from pydantic<3->wandb) (0.4.1)
Requirement already satisfied: charset_normalizer<4,>=2 in /ceph/sharedfs/work/KLP/zihcilin39/.conda/envs/ijepa/lib/python3.9/site-packages (from requests<3,>=2.0.0->wandb) (3.3.2)
Requirement already satisfied: idna<4,>=2.5 in /ceph/sharedfs/work/KLP/zihcilin39/.conda/envs/ijepa/lib/python3.9/site-packages (from requests<3,>=2.0.0->wandb) (3.7)
Requirement already satisfied: urllib3<3,>=1.21.1 in /ceph/sharedfs/work/KLP/zihcilin39/.conda/envs/ijepa/lib/python3.9/site-packages (from requests<3,>=2.0.0->wandb) (2.5.0)
Requirement already satisfied: certifi>=2017.4.17 in /ceph/sharedfs/work/KLP/zihcilin39/.conda/envs/ijepa/lib/python3.9/site-packages (from requests<3,>=2.0.0->wandb) (2025.8.3)
Requirement already satisfied: gitdb<5,>=4.0.1 in /ceph/sharedfs/work/KLP/zihcilin39/.conda/envs/ijepa/lib/python3.9/site-packages (from gitpython!=3.1.29,>=1.0.0->wandb) (4.0.12)
Requirement already satisfied: smmap<6,>=3.0.1 in /ceph/sharedfs/work/KLP/zihcilin39/.conda/envs/ijepa/lib/python3.9/site-packages (from gitdb<5,>=4.0.1->gitpython!=3.1.29,>=1.0.0->wandb) (5.0.2)
